<?xml version="1.0" encoding="UTF-8"?>
<!-- Generated by org.testng.reporters.JUnitReportReporter -->
<testsuite hostname="DESKTOP-K09INN5" failures="0" tests="1" name="validations.CarboniteSignupPageTest" time="17.258" errors="0" timestamp="13 Nov 2020 14:46:47 GMT">
  <testcase classname="validations.CarboniteSignupPageTest" name="TC3_ValidateSuccessfulSignup" time="17.258"/>
</testsuite> <!-- validations.CarboniteSignupPageTest -->
