<?xml version="1.0" encoding="UTF-8"?>
<!-- Generated by org.testng.reporters.JUnitReportReporter -->
<testsuite hostname="DESKTOP-K09INN5" failures="0" tests="1" name="com.opentext.carboniteautomation.AppTest" time="0.012" errors="0" timestamp="13 Nov 2020 04:12:50 GMT">
  <testcase classname="com.opentext.carboniteautomation.AppTest" name="testApp" time="0.012"/>
</testsuite> <!-- com.opentext.carboniteautomation.AppTest -->
